Connecting to database specified by database.yml
Connecting to database specified by database.yml


Started GET "/assets/rails.png" for 69.124.118.44 at 2013-06-22 20:28:42 +0000
Served asset /rails.png - 304 Not Modified (5ms)


Started GET "/assets/rails.png" for 69.124.118.44 at 2013-06-22 20:28:42 +0000
Served asset /rails.png - 304 Not Modified (2ms)


Started GET "/rails/info/properties" for 69.124.118.44 at 2013-06-22 20:28:44 +0000
Processing by Rails::InfoController#properties as */*
  Rendered inline template (2.8ms)
Completed 200 OK in 31ms (Views: 30.2ms | ActiveRecord: 0.0ms)
Connecting to database specified by database.yml
Connecting to database specified by database.yml


Started GET "/assets/rails.png" for 69.124.118.44 at 2013-06-22 20:30:43 +0000
Served asset /rails.png - 304 Not Modified (3ms)


Started GET "/assets/rails.png" for 69.124.118.44 at 2013-06-22 20:30:44 +0000
Served asset /rails.png - 304 Not Modified (2ms)


Started GET "/rails/info/properties" for 69.124.118.44 at 2013-06-22 20:30:45 +0000
Processing by Rails::InfoController#properties as */*
  Rendered inline template (2.7ms)
Completed 200 OK in 28ms (Views: 27.9ms | ActiveRecord: 0.0ms)
Connecting to database specified by database.yml
Connecting to database specified by database.yml


Started GET "/assets/rails.png" for 69.124.118.44 at 2013-06-22 20:37:33 +0000
Served asset /rails.png - 200 OK (4ms)


Started GET "/assets/rails.png" for 69.124.118.44 at 2013-06-22 20:50:51 +0000
Served asset /rails.png - 304 Not Modified (3ms)


Started GET "/assets/rails.png" for 69.124.118.44 at 2013-06-22 20:51:19 +0000
Served asset /rails.png - 304 Not Modified (0ms)


Started GET "/rails/info/properties" for 69.124.118.44 at 2013-06-22 20:51:25 +0000
Processing by Rails::InfoController#properties as */*
  Rendered inline template (2.6ms)
Completed 200 OK in 32ms (Views: 31.7ms | ActiveRecord: 0.0ms)


Started GET "/assets/rails.png" for 69.124.118.44 at 2013-06-22 20:51:26 +0000
Served asset /rails.png - 304 Not Modified (0ms)


Started GET "/rails/info/properties" for 69.124.118.44 at 2013-06-22 20:51:28 +0000
Processing by Rails::InfoController#properties as */*
  Rendered inline template (0.6ms)
Completed 200 OK in 2ms (Views: 1.5ms | ActiveRecord: 0.0ms)
Connecting to database specified by database.yml
Connecting to database specified by database.yml


Started GET "/assets/rails.png" for 69.124.118.44 at 2013-06-22 20:58:25 +0000
Served asset /rails.png - 304 Not Modified (4ms)


Started GET "/rails/info/properties" for 69.124.118.44 at 2013-06-22 20:58:28 +0000
Processing by Rails::InfoController#properties as */*
  Rendered inline template (2.7ms)
Completed 200 OK in 32ms (Views: 31.2ms | ActiveRecord: 0.0ms)
Connecting to database specified by database.yml
Connecting to database specified by database.yml


Started GET "/wp-content/themes/increase/style.css" for 142.4.209.168 at 2013-10-16 19:13:52 +0000

ActionController::RoutingError (No route matches [GET] "/wp-content/themes/increase/style.css"):
  actionpack (3.2.13) lib/action_dispatch/middleware/debug_exceptions.rb:21:in `call'
  actionpack (3.2.13) lib/action_dispatch/middleware/show_exceptions.rb:56:in `call'
  railties (3.2.13) lib/rails/rack/logger.rb:32:in `call_app'
  railties (3.2.13) lib/rails/rack/logger.rb:16:in `block in call'
  activesupport (3.2.13) lib/active_support/tagged_logging.rb:22:in `tagged'
  railties (3.2.13) lib/rails/rack/logger.rb:16:in `call'
  actionpack (3.2.13) lib/action_dispatch/middleware/request_id.rb:22:in `call'
  rack (1.4.5) lib/rack/methodoverride.rb:21:in `call'
  rack (1.4.5) lib/rack/runtime.rb:17:in `call'
  activesupport (3.2.13) lib/active_support/cache/strategy/local_cache.rb:72:in `call'
  rack (1.4.5) lib/rack/lock.rb:15:in `call'
  actionpack (3.2.13) lib/action_dispatch/middleware/static.rb:63:in `call'
  railties (3.2.13) lib/rails/engine.rb:479:in `call'
  railties (3.2.13) lib/rails/application.rb:223:in `call'
  railties (3.2.13) lib/rails/railtie/configurable.rb:30:in `method_missing'
  rack (1.4.5) lib/rack/lint.rb:48:in `_call'
  rack (1.4.5) lib/rack/lint.rb:36:in `call'
  rack (1.4.5) lib/rack/showexceptions.rb:24:in `call'
  rack (1.4.5) lib/rack/commonlogger.rb:33:in `call'
  rack (1.4.5) lib/rack/chunked.rb:43:in `call'
  rack (1.4.5) lib/rack/content_length.rb:14:in `call'
  unicorn (4.6.3) lib/unicorn/http_server.rb:552:in `process_client'
  unicorn (4.6.3) lib/unicorn/http_server.rb:632:in `worker_loop'
  unicorn (4.6.3) lib/unicorn/http_server.rb:500:in `spawn_missing_workers'
  unicorn (4.6.3) lib/unicorn/http_server.rb:142:in `start'
  /usr/bin/unicorn:121:in `<main>'


  Rendered /usr/local/rvm/rubies/ruby-1.9.3-p429/lib/ruby/gems/1.9.1/gems/actionpack-3.2.13/lib/action_dispatch/middleware/templates/rescues/routing_error.erb within rescues/layout (2.5ms)


Started GET "/assets/rails.png" for 207.170.205.178 at 2013-10-16 20:13:22 +0000
Served asset /rails.png - 200 OK (27ms)
Connecting to database specified by database.yml


Started GET "/assets/rails.png" for 207.170.205.178 at 2013-10-16 20:26:19 +0000
Served asset /rails.png - 304 Not Modified (2ms)


Started GET "/assets/rails.png" for 207.170.205.178 at 2013-10-16 20:26:20 +0000
Served asset /rails.png - 304 Not Modified (0ms)
Connecting to database specified by database.yml
Connecting to database specified by database.yml


Started GET "/assets/rails.png" for 207.170.205.178 at 2013-10-16 20:28:34 +0000
Served asset /rails.png - 304 Not Modified (0ms)


Started GET "/assets/rails.png" for 207.170.205.178 at 2013-10-16 20:28:34 +0000
Served asset /rails.png - 304 Not Modified (0ms)


Started GET "/assets/rails.png" for 207.170.205.178 at 2013-10-16 20:28:35 +0000
Served asset /rails.png - 200 OK (0ms)


Started GET "/assets/rails.png" for 207.170.205.178 at 2013-10-16 20:28:35 +0000
Served asset /rails.png - 304 Not Modified (0ms)


Started GET "/assets/rails.png" for 207.170.205.178 at 2013-10-16 20:28:35 +0000
Served asset /rails.png - 304 Not Modified (1ms)


Started GET "/assets/rails.png" for 207.170.205.178 at 2013-10-16 20:28:35 +0000
Served asset /rails.png - 304 Not Modified (0ms)


Started GET "/assets/rails.png" for 207.170.205.178 at 2013-10-16 20:28:37 +0000
Served asset /rails.png - 304 Not Modified (1ms)


Started GET "/assets/rails.png" for 207.170.205.178 at 2013-10-16 20:28:37 +0000
Served asset /rails.png - 304 Not Modified (0ms)


Started GET "/assets/rails.png" for 207.170.205.178 at 2013-10-16 20:28:38 +0000
Served asset /rails.png - 304 Not Modified (0ms)


Started GET "/" for 207.170.205.178 at 2013-10-16 20:28:51 +0000

ActionController::RoutingError (uninitialized constant RainbowController):
  activesupport (3.2.13) lib/active_support/inflector/methods.rb:230:in `block in constantize'
  activesupport (3.2.13) lib/active_support/inflector/methods.rb:229:in `each'
  activesupport (3.2.13) lib/active_support/inflector/methods.rb:229:in `constantize'
  actionpack (3.2.13) lib/action_dispatch/routing/route_set.rb:69:in `controller_reference'
  actionpack (3.2.13) lib/action_dispatch/routing/route_set.rb:54:in `controller'
  actionpack (3.2.13) lib/action_dispatch/routing/route_set.rb:32:in `call'
  journey (1.0.4) lib/journey/router.rb:68:in `block in call'
  journey (1.0.4) lib/journey/router.rb:56:in `each'
  journey (1.0.4) lib/journey/router.rb:56:in `call'
  actionpack (3.2.13) lib/action_dispatch/routing/route_set.rb:612:in `call'
  actionpack (3.2.13) lib/action_dispatch/middleware/best_standards_support.rb:17:in `call'
  rack (1.4.5) lib/rack/etag.rb:23:in `call'
  rack (1.4.5) lib/rack/conditionalget.rb:25:in `call'
  actionpack (3.2.13) lib/action_dispatch/middleware/head.rb:14:in `call'
  actionpack (3.2.13) lib/action_dispatch/middleware/params_parser.rb:21:in `call'
  actionpack (3.2.13) lib/action_dispatch/middleware/flash.rb:242:in `call'
  rack (1.4.5) lib/rack/session/abstract/id.rb:210:in `context'
  rack (1.4.5) lib/rack/session/abstract/id.rb:205:in `call'
  actionpack (3.2.13) lib/action_dispatch/middleware/cookies.rb:341:in `call'
  activerecord (3.2.13) lib/active_record/query_cache.rb:64:in `call'
  activerecord (3.2.13) lib/active_record/connection_adapters/abstract/connection_pool.rb:479:in `call'
  actionpack (3.2.13) lib/action_dispatch/middleware/callbacks.rb:28:in `block in call'
  activesupport (3.2.13) lib/active_support/callbacks.rb:405:in `_run__1082280281515169675__call__3330095995872800992__callbacks'
  activesupport (3.2.13) lib/active_support/callbacks.rb:405:in `__run_callback'
  activesupport (3.2.13) lib/active_support/callbacks.rb:385:in `_run_call_callbacks'
  activesupport (3.2.13) lib/active_support/callbacks.rb:81:in `run_callbacks'
  actionpack (3.2.13) lib/action_dispatch/middleware/callbacks.rb:27:in `call'
  actionpack (3.2.13) lib/action_dispatch/middleware/reloader.rb:65:in `call'
  actionpack (3.2.13) lib/action_dispatch/middleware/remote_ip.rb:31:in `call'
  actionpack (3.2.13) lib/action_dispatch/middleware/debug_exceptions.rb:16:in `call'
  actionpack (3.2.13) lib/action_dispatch/middleware/show_exceptions.rb:56:in `call'
  railties (3.2.13) lib/rails/rack/logger.rb:32:in `call_app'
  railties (3.2.13) lib/rails/rack/logger.rb:16:in `block in call'
  activesupport (3.2.13) lib/active_support/tagged_logging.rb:22:in `tagged'
  railties (3.2.13) lib/rails/rack/logger.rb:16:in `call'
  actionpack (3.2.13) lib/action_dispatch/middleware/request_id.rb:22:in `call'
  rack (1.4.5) lib/rack/methodoverride.rb:21:in `call'
  rack (1.4.5) lib/rack/runtime.rb:17:in `call'
  activesupport (3.2.13) lib/active_support/cache/strategy/local_cache.rb:72:in `call'
  rack (1.4.5) lib/rack/lock.rb:15:in `call'
  actionpack (3.2.13) lib/action_dispatch/middleware/static.rb:63:in `call'
  railties (3.2.13) lib/rails/engine.rb:479:in `call'
  railties (3.2.13) lib/rails/application.rb:223:in `call'
  railties (3.2.13) lib/rails/railtie/configurable.rb:30:in `method_missing'
  rack (1.4.5) lib/rack/lint.rb:48:in `_call'
  rack (1.4.5) lib/rack/lint.rb:36:in `call'
  rack (1.4.5) lib/rack/showexceptions.rb:24:in `call'
  rack (1.4.5) lib/rack/commonlogger.rb:33:in `call'
  rack (1.4.5) lib/rack/chunked.rb:43:in `call'
  rack (1.4.5) lib/rack/content_length.rb:14:in `call'
  unicorn (4.6.3) lib/unicorn/http_server.rb:552:in `process_client'
  unicorn (4.6.3) lib/unicorn/http_server.rb:632:in `worker_loop'
  unicorn (4.6.3) lib/unicorn/http_server.rb:500:in `spawn_missing_workers'
  unicorn (4.6.3) lib/unicorn/http_server.rb:142:in `start'
  /usr/bin/unicorn:121:in `<main>'


  Rendered /usr/local/rvm/rubies/ruby-1.9.3-p429/lib/ruby/gems/1.9.1/gems/actionpack-3.2.13/lib/action_dispatch/middleware/templates/rescues/routing_error.erb within rescues/layout (2.7ms)


Started GET "/" for 207.170.205.178 at 2013-10-16 20:29:34 +0000
Processing by RainbowsController#index as HTML
Completed 500 Internal Server Error in 54ms

ActiveRecord::StatementInvalid (Could not find table 'rainbows'):
  app/controllers/rainbows_controller.rb:5:in `index'


  Rendered /usr/local/rvm/rubies/ruby-1.9.3-p429/lib/ruby/gems/1.9.1/gems/actionpack-3.2.13/lib/action_dispatch/middleware/templates/rescues/_trace.erb (1.2ms)
  Rendered /usr/local/rvm/rubies/ruby-1.9.3-p429/lib/ruby/gems/1.9.1/gems/actionpack-3.2.13/lib/action_dispatch/middleware/templates/rescues/_request_and_response.erb (1.0ms)
  Rendered /usr/local/rvm/rubies/ruby-1.9.3-p429/lib/ruby/gems/1.9.1/gems/actionpack-3.2.13/lib/action_dispatch/middleware/templates/rescues/diagnostics.erb within rescues/layout (8.8ms)
Connecting to database specified by database.yml
  [1m[36m (0.1ms)[0m  [1mselect sqlite_version(*)[0m
  [1m[35m (8.5ms)[0m  CREATE TABLE "schema_migrations" ("version" varchar(255) NOT NULL) 
  [1m[36m (2.7ms)[0m  [1mCREATE UNIQUE INDEX "unique_schema_migrations" ON "schema_migrations" ("version")[0m
  [1m[35m (1.4ms)[0m  SELECT "schema_migrations"."version" FROM "schema_migrations" 
Migrating to CreateRainbows (20131016201946)
  [1m[36m (0.0ms)[0m  [1mbegin transaction[0m
  [1m[35m (0.3ms)[0m  CREATE TABLE "rainbows" ("id" INTEGER PRIMARY KEY AUTOINCREMENT NOT NULL, "name" varchar(255), "description" text, "pretty" boolean, "created_at" datetime NOT NULL, "updated_at" datetime NOT NULL) 
  [1m[36m (0.1ms)[0m  [1mINSERT INTO "schema_migrations" ("version") VALUES ('20131016201946')[0m
  [1m[35m (8.1ms)[0m  commit transaction
  [1m[36m (0.1ms)[0m  [1mSELECT "schema_migrations"."version" FROM "schema_migrations" [0m


Started GET "/" for 207.170.205.178 at 2013-10-16 20:29:48 +0000
Processing by RainbowsController#index as HTML
  [1m[36mRainbow Load (0.1ms)[0m  [1mSELECT "rainbows".* FROM "rainbows" [0m
  Rendered rainbows/index.html.erb within layouts/application (1.0ms)
Compiled rainbows.css  (7ms)  (pid 2173)
Compiled scaffolds.css  (9ms)  (pid 2173)
Compiled application.css  (28ms)  (pid 2173)
Compiled jquery.js  (2ms)  (pid 2173)
Compiled jquery_ujs.js  (0ms)  (pid 2173)
Compiled rainbows.js  (161ms)  (pid 2173)
Compiled application.js  (186ms)  (pid 2173)
Completed 200 OK in 330ms (Views: 270.4ms | ActiveRecord: 2.2ms)


Started GET "/assets/application.css?body=1" for 207.170.205.178 at 2013-10-16 20:29:49 +0000
Served asset /application.css - 200 OK (3ms)




Started GET "/assets/jquery.js?body=1" for 207.170.205.178 at 2013-10-16 20:29:49 +0000


Started GET "/assets/jquery_ujs.js?body=1" for 207.170.205.178 at 2013-10-16 20:29:49 +0000
Served asset /jquery_ujs.js - 200 OK (3ms)
Started GET "/assets/scaffolds.css?body=1" for 207.170.205.178 at 2013-10-16 20:29:49 +0000


Started GET "/assets/rainbows.js?body=1" for 207.170.205.178 at 2013-10-16 20:29:49 +0000
Served asset /rainbows.js - 200 OK (1ms)
Served asset /jquery.js - 200 OK (15ms)


Started GET "/assets/application.js?body=1" for 207.170.205.178 at 2013-10-16 20:29:49 +0000
Served asset /application.js - 200 OK (16ms)
Served asset /scaffolds.css - 200 OK (15ms)


Started GET "/assets/rainbows.css?body=1" for 207.170.205.178 at 2013-10-16 20:29:49 +0000
Served asset /rainbows.css - 200 OK (1ms)
Connecting to database specified by database.yml
  [1m[36m (1.0ms)[0m  [1mSELECT "schema_migrations"."version" FROM "schema_migrations" [0m
  [1m[35m (0.1ms)[0m  begin transaction
  [1m[36mSQL (5.2ms)[0m  [1mINSERT INTO "rainbows" ("created_at", "description", "name", "pretty", "updated_at") VALUES (?, ?, ?, ?, ?)[0m  [["created_at", Wed, 16 Oct 2013 20:32:42 UTC +00:00], ["description", "Beautiful like starshine!"], ["name", "RGB"], ["pretty", true], ["updated_at", Wed, 16 Oct 2013 20:32:42 UTC +00:00]]
  [1m[35m (6.3ms)[0m  commit transaction
  [1m[36m (0.1ms)[0m  [1mbegin transaction[0m
  [1m[35mSQL (0.3ms)[0m  INSERT INTO "rainbows" ("created_at", "description", "name", "pretty", "updated_at") VALUES (?, ?, ?, ?, ?)  [["created_at", Wed, 16 Oct 2013 20:32:42 UTC +00:00], ["description", "Not as pretty as RGB..."], ["name", "CMYK"], ["pretty", false], ["updated_at", Wed, 16 Oct 2013 20:32:42 UTC +00:00]]
  [1m[36m (10.3ms)[0m  [1mcommit transaction[0m
  [1m[35m (0.0ms)[0m  begin transaction
  [1m[36mSQL (0.2ms)[0m  [1mINSERT INTO "rainbows" ("created_at", "description", "name", "pretty", "updated_at") VALUES (?, ?, ?, ?, ?)[0m  [["created_at", Wed, 16 Oct 2013 20:32:42 UTC +00:00], ["description", "Not actually a rainbow."], ["name", "Gray"], ["pretty", false], ["updated_at", Wed, 16 Oct 2013 20:32:42 UTC +00:00]]
  [1m[35m (2.4ms)[0m  commit transaction
  [1m[36m (0.0ms)[0m  [1mbegin transaction[0m
  [1m[35mSQL (0.2ms)[0m  INSERT INTO "rainbows" ("created_at", "description", "name", "pretty", "updated_at") VALUES (?, ?, ?, ?, ?)  [["created_at", Wed, 16 Oct 2013 20:32:42 UTC +00:00], ["description", "NANANANANANANANANANANANANA"], ["name", "Nyan"], ["pretty", true], ["updated_at", Wed, 16 Oct 2013 20:32:42 UTC +00:00]]
  [1m[36m (2.7ms)[0m  [1mcommit transaction[0m
  [1m[35m (0.0ms)[0m  begin transaction
  [1m[36mSQL (0.2ms)[0m  [1mINSERT INTO "rainbows" ("created_at", "description", "name", "pretty", "updated_at") VALUES (?, ?, ?, ?, ?)[0m  [["created_at", Wed, 16 Oct 2013 20:32:42 UTC +00:00], ["description", "Taste it!"], ["name", "Skittles"], ["pretty", true], ["updated_at", Wed, 16 Oct 2013 20:32:42 UTC +00:00]]
  [1m[35m (3.0ms)[0m  commit transaction


Started GET "/" for 207.170.205.178 at 2013-10-16 20:32:44 +0000
Processing by RainbowsController#index as HTML
  [1m[36mRainbow Load (0.1ms)[0m  [1mSELECT "rainbows".* FROM "rainbows" [0m
  Rendered rainbows/index.html.erb within layouts/application (6.9ms)
Completed 200 OK in 85ms (Views: 45.5ms | ActiveRecord: 2.0ms)


Started GET "/assets/scaffolds.css?body=1" for 207.170.205.178 at 2013-10-16 20:32:44 +0000
Served asset /scaffolds.css - 304 Not Modified (0ms)


Started GET "/assets/application.css?body=1" for 207.170.205.178 at 2013-10-16 20:32:44 +0000


Started GET "/assets/rainbows.css?body=1" for 207.170.205.178 at 2013-10-16 20:32:44 +0000
Served asset /rainbows.css - 304 Not Modified (1ms)
Served asset /application.css - 304 Not Modified (6ms)


Started GET "/assets/jquery.js?body=1" for 207.170.205.178 at 2013-10-16 20:32:44 +0000
Served asset /jquery.js - 304 Not Modified (2ms)


Started GET "/assets/rainbows.js?body=1" for 207.170.205.178 at 2013-10-16 20:32:44 +0000
Served asset /rainbows.js - 304 Not Modified (0ms)


Started GET "/assets/jquery_ujs.js?body=1" for 207.170.205.178 at 2013-10-16 20:32:44 +0000


Started GET "/assets/application.js?body=1" for 207.170.205.178 at 2013-10-16 20:32:44 +0000
Served asset /jquery_ujs.js - 304 Not Modified (1ms)
Served asset /application.js - 304 Not Modified (7ms)
Connecting to database specified by database.yml
  [1m[36m (1.0ms)[0m  [1mSELECT "schema_migrations"."version" FROM "schema_migrations" [0m
  [1m[35m (0.0ms)[0m  begin transaction
  [1m[36mSQL (3.8ms)[0m  [1mINSERT INTO "rainbows" ("created_at", "description", "name", "pretty", "updated_at") VALUES (?, ?, ?, ?, ?)[0m  [["created_at", Wed, 16 Oct 2013 20:33:14 UTC +00:00], ["description", "Beautiful like starshine!"], ["name", "RGB"], ["pretty", true], ["updated_at", Wed, 16 Oct 2013 20:33:14 UTC +00:00]]
  [1m[35m (5.4ms)[0m  commit transaction
  [1m[36m (0.1ms)[0m  [1mbegin transaction[0m
  [1m[35mSQL (0.3ms)[0m  INSERT INTO "rainbows" ("created_at", "description", "name", "pretty", "updated_at") VALUES (?, ?, ?, ?, ?)  [["created_at", Wed, 16 Oct 2013 20:33:14 UTC +00:00], ["description", "Not as pretty as RGB..."], ["name", "CMYK"], ["pretty", false], ["updated_at", Wed, 16 Oct 2013 20:33:14 UTC +00:00]]
  [1m[36m (3.2ms)[0m  [1mcommit transaction[0m
  [1m[35m (0.0ms)[0m  begin transaction
  [1m[36mSQL (0.2ms)[0m  [1mINSERT INTO "rainbows" ("created_at", "description", "name", "pretty", "updated_at") VALUES (?, ?, ?, ?, ?)[0m  [["created_at", Wed, 16 Oct 2013 20:33:14 UTC +00:00], ["description", "Not actually a rainbow."], ["name", "Gray"], ["pretty", false], ["updated_at", Wed, 16 Oct 2013 20:33:14 UTC +00:00]]
  [1m[35m (2.9ms)[0m  commit transaction
  [1m[36m (0.0ms)[0m  [1mbegin transaction[0m
  [1m[35mSQL (0.2ms)[0m  INSERT INTO "rainbows" ("created_at", "description", "name", "pretty", "updated_at") VALUES (?, ?, ?, ?, ?)  [["created_at", Wed, 16 Oct 2013 20:33:14 UTC +00:00], ["description", "NANANANANANAN!"], ["name", "Nyan"], ["pretty", true], ["updated_at", Wed, 16 Oct 2013 20:33:14 UTC +00:00]]
  [1m[36m (2.6ms)[0m  [1mcommit transaction[0m
  [1m[35m (0.1ms)[0m  begin transaction
  [1m[36mSQL (0.2ms)[0m  [1mINSERT INTO "rainbows" ("created_at", "description", "name", "pretty", "updated_at") VALUES (?, ?, ?, ?, ?)[0m  [["created_at", Wed, 16 Oct 2013 20:33:14 UTC +00:00], ["description", "Taste it!"], ["name", "Skittles"], ["pretty", true], ["updated_at", Wed, 16 Oct 2013 20:33:14 UTC +00:00]]
  [1m[35m (2.4ms)[0m  commit transaction


Started GET "/" for 207.170.205.178 at 2013-10-16 20:33:15 +0000
Processing by RainbowsController#index as HTML
  [1m[36mRainbow Load (0.3ms)[0m  [1mSELECT "rainbows".* FROM "rainbows" [0m
  Rendered rainbows/index.html.erb within layouts/application (17.4ms)
Completed 200 OK in 101ms (Views: 82.4ms | ActiveRecord: 1.3ms)


Started GET "/assets/scaffolds.css?body=1" for 207.170.205.178 at 2013-10-16 20:33:15 +0000


Started GET "/assets/application.css?body=1" for 207.170.205.178 at 2013-10-16 20:33:15 +0000
Served asset /application.css - 304 Not Modified (0ms)


Started GET "/assets/rainbows.css?body=1" for 207.170.205.178 at 2013-10-16 20:33:15 +0000
Served asset /scaffolds.css - 304 Not Modified (0ms)


Started GET "/assets/jquery.js?body=1" for 207.170.205.178 at 2013-10-16 20:33:15 +0000


Started GET "/assets/jquery_ujs.js?body=1" for 207.170.205.178 at 2013-10-16 20:33:15 +0000


Started GET "/assets/rainbows.js?body=1" for 207.170.205.178 at 2013-10-16 20:33:15 +0000
Served asset /rainbows.css - 304 Not Modified (14ms)
Served asset /jquery.js - 304 Not Modified (2ms)
Served asset /rainbows.js - 304 Not Modified (10ms)
Served asset /jquery_ujs.js - 304 Not Modified (17ms)


Started GET "/assets/application.js?body=1" for 207.170.205.178 at 2013-10-16 20:33:15 +0000
Served asset /application.js - 304 Not Modified (2ms)
